<?xml version="1.0" encoding="UTF-8"?>
<coverage generated="1587624807159" clover="3.2.0">
  <project timestamp="1587624807159" name="All files">
    <metrics statements="2" coveredstatements="2" conditionals="0" coveredconditionals="0" methods="3" coveredmethods="3" elements="5" coveredelements="5" complexity="0" loc="2" ncloc="2" packages="1" files="2" classes="2"/>
    <file name="index.js" path="C:\Users\User\Desktop\lesson\hexlet-jest\src\index.js">
      <metrics statements="1" coveredstatements="1" conditionals="0" coveredconditionals="0" methods="1" coveredmethods="1"/>
      <line num="2" count="2" type="stmt"/>
    </file>
    <file name="sorted.js" path="C:\Users\User\Desktop\lesson\hexlet-jest\src\sorted.js">
      <metrics statements="1" coveredstatements="1" conditionals="0" coveredconditionals="0" methods="2" coveredmethods="2"/>
      <line num="2" count="6" type="stmt"/>
    </file>
  </project>
</coverage>
