{"C:\\Users\\User\\Desktop\\lesson\\hexlet-jest\\src\\index.js": {"path":"C:\\Users\\User\\Desktop\\lesson\\hexlet-jest\\src\\index.js","statementMap":{"0":{"start":{"line":2,"column":22},"end":{"line":2,"column":54}}},"fnMap":{"0":{"name":"(anonymous_0)","decl":{"start":{"line":2,"column":15},"end":{"line":2,"column":16}},"loc":{"start":{"line":2,"column":22},"end":{"line":2,"column":54}},"line":2}},"branchMap":{},"s":{"0":2},"f":{"0":2},"b":{},"_coverageSchema":"1a1c01bbd47fc00a2c39e90264f33305004495a9","hash":"204c05c4aa60acf5c82b8f9762405af3e18a724d"}
,"C:\\Users\\User\\Desktop\\lesson\\hexlet-jest\\src\\sorted.js": {"path":"C:\\Users\\User\\Desktop\\lesson\\hexlet-jest\\src\\sorted.js","statementMap":{"0":{"start":{"line":2,"column":15},"end":{"line":2,"column":48}},"1":{"start":{"line":2,"column":24},"end":{"line":2,"column":48}},"2":{"start":{"line":2,"column":43},"end":{"line":2,"column":47}}},"fnMap":{"0":{"name":"(anonymous_0)","decl":{"start":{"line":2,"column":15},"end":{"line":2,"column":16}},"loc":{"start":{"line":2,"column":24},"end":{"line":2,"column":48}},"line":2},"1":{"name":"(anonymous_1)","decl":{"start":{"line":2,"column":33},"end":{"line":2,"column":34}},"loc":{"start":{"line":2,"column":43},"end":{"line":2,"column":47}},"line":2}},"branchMap":{},"s":{"0":1,"1":2,"2":6},"f":{"0":2,"1":6},"b":{},"_coverageSchema":"1a1c01bbd47fc00a2c39e90264f33305004495a9","hash":"efdf2f6b2673a753e8657f12217000f780087c10"}
}
